2023-02-05 21:42:14,315 - mmcls - INFO - Environment info:
------------------------------------------------------------
sys.platform: linux
Python: 3.8.16 (default, Jan 17 2023, 23:13:24) [GCC 11.2.0]
CUDA available: True
GPU 0: NVIDIA GeForce RTX 3090
CUDA_HOME: /data/apps/cuda/11.1
NVCC: Cuda compilation tools, release 11.1, V11.1.74
GCC: gcc (GCC) 7.3.0
PyTorch: 1.10.0+cu111
PyTorch compiling details: PyTorch built with:
  - GCC 7.3
  - C++ Version: 201402
  - Intel(R) Math Kernel Library Version 2020.0.0 Product Build 20191122 for Intel(R) 64 architecture applications
  - Intel(R) MKL-DNN v2.2.3 (Git Hash 7336ca9f055cf1bfa13efb658fe15dc9b41f0740)
  - OpenMP 201511 (a.k.a. OpenMP 4.5)
  - LAPACK is enabled (usually provided by MKL)
  - NNPACK is enabled
  - CPU capability usage: AVX2
  - CUDA Runtime 11.1
  - NVCC architecture flags: -gencode;arch=compute_37,code=sm_37;-gencode;arch=compute_50,code=sm_50;-gencode;arch=compute_60,code=sm_60;-gencode;arch=compute_70,code=sm_70;-gencode;arch=compute_75,code=sm_75;-gencode;arch=compute_80,code=sm_80;-gencode;arch=compute_86,code=sm_86
  - CuDNN 8.0.5
  - Magma 2.5.2
  - Build settings: BLAS_INFO=mkl, BUILD_TYPE=Release, CUDA_VERSION=11.1, CUDNN_VERSION=8.0.5, CXX_COMPILER=/opt/rh/devtoolset-7/root/usr/bin/c++, CXX_FLAGS= -Wno-deprecated -fvisibility-inlines-hidden -DUSE_PTHREADPOOL -fopenmp -DNDEBUG -DUSE_KINETO -DUSE_FBGEMM -DUSE_QNNPACK -DUSE_PYTORCH_QNNPACK -DUSE_XNNPACK -DSYMBOLICATE_MOBILE_DEBUG_HANDLE -DEDGE_PROFILER_USE_KINETO -O2 -fPIC -Wno-narrowing -Wall -Wextra -Werror=return-type -Wno-missing-field-initializers -Wno-type-limits -Wno-array-bounds -Wno-unknown-pragmas -Wno-sign-compare -Wno-unused-parameter -Wno-unused-variable -Wno-unused-function -Wno-unused-result -Wno-unused-local-typedefs -Wno-strict-overflow -Wno-strict-aliasing -Wno-error=deprecated-declarations -Wno-stringop-overflow -Wno-psabi -Wno-error=pedantic -Wno-error=redundant-decls -Wno-error=old-style-cast -fdiagnostics-color=always -faligned-new -Wno-unused-but-set-variable -Wno-maybe-uninitialized -fno-math-errno -fno-trapping-math -Werror=format -Wno-stringop-overflow, LAPACK_INFO=mkl, PERF_WITH_AVX=1, PERF_WITH_AVX2=1, PERF_WITH_AVX512=1, TORCH_VERSION=1.10.0, USE_CUDA=ON, USE_CUDNN=ON, USE_EXCEPTION_PTR=1, USE_GFLAGS=OFF, USE_GLOG=OFF, USE_MKL=ON, USE_MKLDNN=ON, USE_MPI=OFF, USE_NCCL=ON, USE_NNPACK=ON, USE_OPENMP=ON, 

TorchVision: 0.11.0+cu111
OpenCV: 4.7.0
MMCV: 1.7.0
MMCV Compiler: GCC 7.3
MMCV CUDA Compiler: 11.1
MMClassification: 0.25.0+3d4f80d
------------------------------------------------------------

2023-02-05 21:42:14,317 - mmcls - INFO - Distributed training: False
2023-02-05 21:42:14,413 - mmcls - INFO - Config:
model = dict(
    type='ImageClassifier',
    backbone=dict(
        type='ResNet',
        depth=18,
        num_stages=4,
        out_indices=(3, ),
        style='pytorch'),
    neck=dict(type='GlobalAveragePooling'),
    head=dict(
        type='LinearClsHead',
        num_classes=5,
        in_channels=512,
        loss=dict(type='CrossEntropyLoss', loss_weight=1.0),
        topk=(1, )))
dataset_type = 'ImageNet'
img_norm_cfg = dict(
    mean=[123.675, 116.28, 103.53], std=[58.395, 57.12, 57.375], to_rgb=True)
train_pipeline = [
    dict(type='LoadImageFromFile'),
    dict(type='RandomResizedCrop', size=224),
    dict(type='RandomFlip', flip_prob=0.5, direction='horizontal'),
    dict(
        type='Normalize',
        mean=[123.675, 116.28, 103.53],
        std=[58.395, 57.12, 57.375],
        to_rgb=True),
    dict(type='ImageToTensor', keys=['img']),
    dict(type='ToTensor', keys=['gt_label']),
    dict(type='Collect', keys=['img', 'gt_label'])
]
test_pipeline = [
    dict(type='LoadImageFromFile'),
    dict(type='Resize', size=(256, -1)),
    dict(type='CenterCrop', crop_size=224),
    dict(
        type='Normalize',
        mean=[123.675, 116.28, 103.53],
        std=[58.395, 57.12, 57.375],
        to_rgb=True),
    dict(type='ImageToTensor', keys=['img']),
    dict(type='Collect', keys=['img'])
]
data = dict(
    samples_per_gpu=32,
    workers_per_gpu=2,
    train=dict(
        type='ImageNet',
        data_prefix='data/flower/train',
        pipeline=[
            dict(type='LoadImageFromFile'),
            dict(type='RandomResizedCrop', size=224),
            dict(type='RandomFlip', flip_prob=0.5, direction='horizontal'),
            dict(
                type='Normalize',
                mean=[123.675, 116.28, 103.53],
                std=[58.395, 57.12, 57.375],
                to_rgb=True),
            dict(type='ImageToTensor', keys=['img']),
            dict(type='ToTensor', keys=['gt_label']),
            dict(type='Collect', keys=['img', 'gt_label'])
        ],
        ann_file='data/flower/train.txt',
        classes='data/flower/classes.txt'),
    val=dict(
        type='ImageNet',
        data_prefix='data/flower/val',
        ann_file='data/flower/val.txt',
        pipeline=[
            dict(type='LoadImageFromFile'),
            dict(type='Resize', size=(256, -1)),
            dict(type='CenterCrop', crop_size=224),
            dict(
                type='Normalize',
                mean=[123.675, 116.28, 103.53],
                std=[58.395, 57.12, 57.375],
                to_rgb=True),
            dict(type='ImageToTensor', keys=['img']),
            dict(type='Collect', keys=['img'])
        ],
        classes='data/flower/classes.txt'),
    test=dict(
        type='ImageNet',
        data_prefix='data/imagenet/val',
        ann_file='data/imagenet/meta/val.txt',
        pipeline=[
            dict(type='LoadImageFromFile'),
            dict(type='Resize', size=(256, -1)),
            dict(type='CenterCrop', crop_size=224),
            dict(
                type='Normalize',
                mean=[123.675, 116.28, 103.53],
                std=[58.395, 57.12, 57.375],
                to_rgb=True),
            dict(type='ImageToTensor', keys=['img']),
            dict(type='Collect', keys=['img'])
        ]))
evaluation = dict(interval=1, metric='accuracy')
checkpoint_config = dict(interval=1)
log_config = dict(interval=100, hooks=[dict(type='TextLoggerHook')])
dist_params = dict(backend='nccl')
log_level = 'INFO'
load_from = '/HOME/scz0atq/run/mmclassification/checkpoints/resnet18_batch256_imagenet_20200708-34ab8f90.pth'
resume_from = None
workflow = [('train', 1)]
optimizer = dict(type='SGD', lr=0.001, momentum=0.9, weight_decay=0.0001)
optimizer_config = dict(grad_clip=None)
lr_config = dict(policy='step', step=[1])
runner = dict(type='EpochBasedRunner', max_epochs=100)
work_dir = 'work/resnet18_b32_flower'
gpu_ids = [0]

2023-02-05 21:42:14,416 - mmcls - INFO - Set random seed to 1864197520, deterministic: False
2023-02-05 21:42:14,858 - mmcls - INFO - initialize ResNet with init_cfg [{'type': 'Kaiming', 'layer': ['Conv2d']}, {'type': 'Constant', 'val': 1, 'layer': ['_BatchNorm', 'GroupNorm']}]
2023-02-05 21:42:15,140 - mmcls - INFO - initialize LinearClsHead with init_cfg {'type': 'Normal', 'layer': 'Linear', 'std': 0.01}
Name of parameter - Initialization information

backbone.conv1.weight - torch.Size([64, 3, 7, 7]): 
KaimingInit: a=0, mode=fan_out, nonlinearity=relu, distribution =normal, bias=0 

backbone.bn1.weight - torch.Size([64]): 
The value is the same before and after calling `init_weights` of ImageClassifier  

backbone.bn1.bias - torch.Size([64]): 
The value is the same before and after calling `init_weights` of ImageClassifier  

backbone.layer1.0.conv1.weight - torch.Size([64, 64, 3, 3]): 
KaimingInit: a=0, mode=fan_out, nonlinearity=relu, distribution =normal, bias=0 

backbone.layer1.0.bn1.weight - torch.Size([64]): 
The value is the same before and after calling `init_weights` of ImageClassifier  

backbone.layer1.0.bn1.bias - torch.Size([64]): 
The value is the same before and after calling `init_weights` of ImageClassifier  

backbone.layer1.0.conv2.weight - torch.Size([64, 64, 3, 3]): 
KaimingInit: a=0, mode=fan_out, nonlinearity=relu, distribution =normal, bias=0 

backbone.layer1.0.bn2.weight - torch.Size([64]): 
Initialized by user-defined `init_weights` in ResNet  

backbone.layer1.0.bn2.bias - torch.Size([64]): 
The value is the same before and after calling `init_weights` of ImageClassifier  

backbone.layer1.1.conv1.weight - torch.Size([64, 64, 3, 3]): 
KaimingInit: a=0, mode=fan_out, nonlinearity=relu, distribution =normal, bias=0 

backbone.layer1.1.bn1.weight - torch.Size([64]): 
The value is the same before and after calling `init_weights` of ImageClassifier  

backbone.layer1.1.bn1.bias - torch.Size([64]): 
The value is the same before and after calling `init_weights` of ImageClassifier  

backbone.layer1.1.conv2.weight - torch.Size([64, 64, 3, 3]): 
KaimingInit: a=0, mode=fan_out, nonlinearity=relu, distribution =normal, bias=0 

backbone.layer1.1.bn2.weight - torch.Size([64]): 
Initialized by user-defined `init_weights` in ResNet  

backbone.layer1.1.bn2.bias - torch.Size([64]): 
The value is the same before and after calling `init_weights` of ImageClassifier  

backbone.layer2.0.conv1.weight - torch.Size([128, 64, 3, 3]): 
KaimingInit: a=0, mode=fan_out, nonlinearity=relu, distribution =normal, bias=0 

backbone.layer2.0.bn1.weight - torch.Size([128]): 
The value is the same before and after calling `init_weights` of ImageClassifier  

backbone.layer2.0.bn1.bias - torch.Size([128]): 
The value is the same before and after calling `init_weights` of ImageClassifier  

backbone.layer2.0.conv2.weight - torch.Size([128, 128, 3, 3]): 
KaimingInit: a=0, mode=fan_out, nonlinearity=relu, distribution =normal, bias=0 

backbone.layer2.0.bn2.weight - torch.Size([128]): 
Initialized by user-defined `init_weights` in ResNet  

backbone.layer2.0.bn2.bias - torch.Size([128]): 
The value is the same before and after calling `init_weights` of ImageClassifier  

backbone.layer2.0.downsample.0.weight - torch.Size([128, 64, 1, 1]): 
KaimingInit: a=0, mode=fan_out, nonlinearity=relu, distribution =normal, bias=0 

backbone.layer2.0.downsample.1.weight - torch.Size([128]): 
The value is the same before and after calling `init_weights` of ImageClassifier  

backbone.layer2.0.downsample.1.bias - torch.Size([128]): 
The value is the same before and after calling `init_weights` of ImageClassifier  

backbone.layer2.1.conv1.weight - torch.Size([128, 128, 3, 3]): 
KaimingInit: a=0, mode=fan_out, nonlinearity=relu, distribution =normal, bias=0 

backbone.layer2.1.bn1.weight - torch.Size([128]): 
The value is the same before and after calling `init_weights` of ImageClassifier  

backbone.layer2.1.bn1.bias - torch.Size([128]): 
The value is the same before and after calling `init_weights` of ImageClassifier  

backbone.layer2.1.conv2.weight - torch.Size([128, 128, 3, 3]): 
KaimingInit: a=0, mode=fan_out, nonlinearity=relu, distribution =normal, bias=0 

backbone.layer2.1.bn2.weight - torch.Size([128]): 
Initialized by user-defined `init_weights` in ResNet  

backbone.layer2.1.bn2.bias - torch.Size([128]): 
The value is the same before and after calling `init_weights` of ImageClassifier  

backbone.layer3.0.conv1.weight - torch.Size([256, 128, 3, 3]): 
KaimingInit: a=0, mode=fan_out, nonlinearity=relu, distribution =normal, bias=0 

backbone.layer3.0.bn1.weight - torch.Size([256]): 
The value is the same before and after calling `init_weights` of ImageClassifier  

backbone.layer3.0.bn1.bias - torch.Size([256]): 
The value is the same before and after calling `init_weights` of ImageClassifier  

backbone.layer3.0.conv2.weight - torch.Size([256, 256, 3, 3]): 
KaimingInit: a=0, mode=fan_out, nonlinearity=relu, distribution =normal, bias=0 

backbone.layer3.0.bn2.weight - torch.Size([256]): 
Initialized by user-defined `init_weights` in ResNet  

backbone.layer3.0.bn2.bias - torch.Size([256]): 
The value is the same before and after calling `init_weights` of ImageClassifier  

backbone.layer3.0.downsample.0.weight - torch.Size([256, 128, 1, 1]): 
KaimingInit: a=0, mode=fan_out, nonlinearity=relu, distribution =normal, bias=0 

backbone.layer3.0.downsample.1.weight - torch.Size([256]): 
The value is the same before and after calling `init_weights` of ImageClassifier  

backbone.layer3.0.downsample.1.bias - torch.Size([256]): 
The value is the same before and after calling `init_weights` of ImageClassifier  

backbone.layer3.1.conv1.weight - torch.Size([256, 256, 3, 3]): 
KaimingInit: a=0, mode=fan_out, nonlinearity=relu, distribution =normal, bias=0 

backbone.layer3.1.bn1.weight - torch.Size([256]): 
The value is the same before and after calling `init_weights` of ImageClassifier  

backbone.layer3.1.bn1.bias - torch.Size([256]): 
The value is the same before and after calling `init_weights` of ImageClassifier  

backbone.layer3.1.conv2.weight - torch.Size([256, 256, 3, 3]): 
KaimingInit: a=0, mode=fan_out, nonlinearity=relu, distribution =normal, bias=0 

backbone.layer3.1.bn2.weight - torch.Size([256]): 
Initialized by user-defined `init_weights` in ResNet  

backbone.layer3.1.bn2.bias - torch.Size([256]): 
The value is the same before and after calling `init_weights` of ImageClassifier  

backbone.layer4.0.conv1.weight - torch.Size([512, 256, 3, 3]): 
KaimingInit: a=0, mode=fan_out, nonlinearity=relu, distribution =normal, bias=0 

backbone.layer4.0.bn1.weight - torch.Size([512]): 
The value is the same before and after calling `init_weights` of ImageClassifier  

backbone.layer4.0.bn1.bias - torch.Size([512]): 
The value is the same before and after calling `init_weights` of ImageClassifier  

backbone.layer4.0.conv2.weight - torch.Size([512, 512, 3, 3]): 
KaimingInit: a=0, mode=fan_out, nonlinearity=relu, distribution =normal, bias=0 

backbone.layer4.0.bn2.weight - torch.Size([512]): 
Initialized by user-defined `init_weights` in ResNet  

backbone.layer4.0.bn2.bias - torch.Size([512]): 
The value is the same before and after calling `init_weights` of ImageClassifier  

backbone.layer4.0.downsample.0.weight - torch.Size([512, 256, 1, 1]): 
KaimingInit: a=0, mode=fan_out, nonlinearity=relu, distribution =normal, bias=0 

backbone.layer4.0.downsample.1.weight - torch.Size([512]): 
The value is the same before and after calling `init_weights` of ImageClassifier  

backbone.layer4.0.downsample.1.bias - torch.Size([512]): 
The value is the same before and after calling `init_weights` of ImageClassifier  

backbone.layer4.1.conv1.weight - torch.Size([512, 512, 3, 3]): 
KaimingInit: a=0, mode=fan_out, nonlinearity=relu, distribution =normal, bias=0 

backbone.layer4.1.bn1.weight - torch.Size([512]): 
The value is the same before and after calling `init_weights` of ImageClassifier  

backbone.layer4.1.bn1.bias - torch.Size([512]): 
The value is the same before and after calling `init_weights` of ImageClassifier  

backbone.layer4.1.conv2.weight - torch.Size([512, 512, 3, 3]): 
KaimingInit: a=0, mode=fan_out, nonlinearity=relu, distribution =normal, bias=0 

backbone.layer4.1.bn2.weight - torch.Size([512]): 
Initialized by user-defined `init_weights` in ResNet  

backbone.layer4.1.bn2.bias - torch.Size([512]): 
The value is the same before and after calling `init_weights` of ImageClassifier  

head.fc.weight - torch.Size([5, 512]): 
NormalInit: mean=0, std=0.01, bias=0 

head.fc.bias - torch.Size([5]): 
NormalInit: mean=0, std=0.01, bias=0 
2023-02-05 21:42:27,236 - mmcls - INFO - load checkpoint from local path: /HOME/scz0atq/run/mmclassification/checkpoints/resnet18_batch256_imagenet_20200708-34ab8f90.pth
2023-02-05 21:42:27,376 - mmcls - WARNING - The model and loaded state dict do not match exactly

size mismatch for head.fc.weight: copying a param with shape torch.Size([1000, 512]) from checkpoint, the shape in current model is torch.Size([5, 512]).
size mismatch for head.fc.bias: copying a param with shape torch.Size([1000]) from checkpoint, the shape in current model is torch.Size([5]).
2023-02-05 21:42:27,377 - mmcls - INFO - Start running, host: scz0atq@g0097, work_dir: /data/run01/scz0atq/mmclassification/work/resnet18_b32_flower
2023-02-05 21:42:27,377 - mmcls - INFO - Hooks will be executed in the following order:
before_run:
(VERY_HIGH   ) StepLrUpdaterHook                  
(NORMAL      ) CheckpointHook                     
(LOW         ) EvalHook                           
(VERY_LOW    ) TextLoggerHook                     
 -------------------- 
before_train_epoch:
(VERY_HIGH   ) StepLrUpdaterHook                  
(LOW         ) IterTimerHook                      
(LOW         ) EvalHook                           
(VERY_LOW    ) TextLoggerHook                     
 -------------------- 
before_train_iter:
(VERY_HIGH   ) StepLrUpdaterHook                  
(LOW         ) IterTimerHook                      
(LOW         ) EvalHook                           
 -------------------- 
after_train_iter:
(ABOVE_NORMAL) OptimizerHook                      
(NORMAL      ) CheckpointHook                     
(LOW         ) IterTimerHook                      
(LOW         ) EvalHook                           
(VERY_LOW    ) TextLoggerHook                     
 -------------------- 
after_train_epoch:
(NORMAL      ) CheckpointHook                     
(LOW         ) EvalHook                           
(VERY_LOW    ) TextLoggerHook                     
 -------------------- 
before_val_epoch:
(LOW         ) IterTimerHook                      
(VERY_LOW    ) TextLoggerHook                     
 -------------------- 
before_val_iter:
(LOW         ) IterTimerHook                      
 -------------------- 
after_val_iter:
(LOW         ) IterTimerHook                      
 -------------------- 
after_val_epoch:
(VERY_LOW    ) TextLoggerHook                     
 -------------------- 
after_run:
(VERY_LOW    ) TextLoggerHook                     
 -------------------- 
2023-02-05 21:42:27,377 - mmcls - INFO - workflow: [('train', 1)], max: 100 epochs
2023-02-05 21:42:27,377 - mmcls - INFO - Checkpoints will be saved to /data/run01/scz0atq/mmclassification/work/resnet18_b32_flower by HardDiskBackend.
2023-02-05 21:42:45,714 - mmcls - INFO - Saving checkpoint at 1 epochs
2023-02-05 21:42:50,833 - mmcls - INFO - Epoch(val) [1][18]	accuracy_top-1: 90.7343, accuracy_top-5: 100.0000
2023-02-05 21:42:56,324 - mmcls - INFO - Saving checkpoint at 2 epochs
2023-02-05 21:42:57,444 - mmcls - INFO - Epoch(val) [2][18]	accuracy_top-1: 90.9091, accuracy_top-5: 100.0000
2023-02-05 21:43:02,914 - mmcls - INFO - Saving checkpoint at 3 epochs
2023-02-05 21:43:03,935 - mmcls - INFO - Epoch(val) [3][18]	accuracy_top-1: 91.6084, accuracy_top-5: 100.0000
2023-02-05 21:43:09,489 - mmcls - INFO - Saving checkpoint at 4 epochs
2023-02-05 21:43:10,571 - mmcls - INFO - Epoch(val) [4][18]	accuracy_top-1: 91.4336, accuracy_top-5: 100.0000
2023-02-05 21:43:16,172 - mmcls - INFO - Saving checkpoint at 5 epochs
2023-02-05 21:43:17,201 - mmcls - INFO - Epoch(val) [5][18]	accuracy_top-1: 91.6084, accuracy_top-5: 100.0000
2023-02-05 21:43:22,843 - mmcls - INFO - Saving checkpoint at 6 epochs
2023-02-05 21:43:23,904 - mmcls - INFO - Epoch(val) [6][18]	accuracy_top-1: 91.7832, accuracy_top-5: 100.0000
2023-02-05 21:43:29,545 - mmcls - INFO - Saving checkpoint at 7 epochs
2023-02-05 21:43:30,608 - mmcls - INFO - Epoch(val) [7][18]	accuracy_top-1: 91.6084, accuracy_top-5: 100.0000
2023-02-05 21:43:36,107 - mmcls - INFO - Saving checkpoint at 8 epochs
2023-02-05 21:43:37,244 - mmcls - INFO - Epoch(val) [8][18]	accuracy_top-1: 91.9580, accuracy_top-5: 100.0000
2023-02-05 21:43:42,792 - mmcls - INFO - Saving checkpoint at 9 epochs
2023-02-05 21:43:43,837 - mmcls - INFO - Epoch(val) [9][18]	accuracy_top-1: 92.3077, accuracy_top-5: 100.0000
2023-02-05 21:43:49,457 - mmcls - INFO - Saving checkpoint at 10 epochs
2023-02-05 21:43:50,536 - mmcls - INFO - Epoch(val) [10][18]	accuracy_top-1: 91.9580, accuracy_top-5: 100.0000
2023-02-05 21:43:56,130 - mmcls - INFO - Saving checkpoint at 11 epochs
2023-02-05 21:43:57,208 - mmcls - INFO - Epoch(val) [11][18]	accuracy_top-1: 92.1329, accuracy_top-5: 100.0000
2023-02-05 21:44:02,835 - mmcls - INFO - Saving checkpoint at 12 epochs
2023-02-05 21:44:03,889 - mmcls - INFO - Epoch(val) [12][18]	accuracy_top-1: 93.1818, accuracy_top-5: 100.0000
2023-02-05 21:44:09,498 - mmcls - INFO - Saving checkpoint at 13 epochs
2023-02-05 21:44:10,532 - mmcls - INFO - Epoch(val) [13][18]	accuracy_top-1: 92.6573, accuracy_top-5: 100.0000
2023-02-05 21:44:16,138 - mmcls - INFO - Saving checkpoint at 14 epochs
2023-02-05 21:44:17,276 - mmcls - INFO - Epoch(val) [14][18]	accuracy_top-1: 92.8322, accuracy_top-5: 100.0000
2023-02-05 21:44:22,858 - mmcls - INFO - Saving checkpoint at 15 epochs
2023-02-05 21:44:23,923 - mmcls - INFO - Epoch(val) [15][18]	accuracy_top-1: 92.6573, accuracy_top-5: 100.0000
2023-02-05 21:44:29,510 - mmcls - INFO - Saving checkpoint at 16 epochs
2023-02-05 21:44:30,561 - mmcls - INFO - Epoch(val) [16][18]	accuracy_top-1: 93.3566, accuracy_top-5: 100.0000
2023-02-05 21:44:36,114 - mmcls - INFO - Saving checkpoint at 17 epochs
2023-02-05 21:44:37,170 - mmcls - INFO - Epoch(val) [17][18]	accuracy_top-1: 92.3077, accuracy_top-5: 100.0000
2023-02-05 21:44:42,774 - mmcls - INFO - Saving checkpoint at 18 epochs
2023-02-05 21:44:43,817 - mmcls - INFO - Epoch(val) [18][18]	accuracy_top-1: 92.3077, accuracy_top-5: 100.0000
2023-02-05 21:44:49,422 - mmcls - INFO - Saving checkpoint at 19 epochs
2023-02-05 21:44:50,460 - mmcls - INFO - Epoch(val) [19][18]	accuracy_top-1: 92.4825, accuracy_top-5: 100.0000
2023-02-05 21:44:56,221 - mmcls - INFO - Saving checkpoint at 20 epochs
2023-02-05 21:44:57,284 - mmcls - INFO - Epoch(val) [20][18]	accuracy_top-1: 91.2587, accuracy_top-5: 100.0000
2023-02-05 21:45:02,972 - mmcls - INFO - Saving checkpoint at 21 epochs
2023-02-05 21:45:04,124 - mmcls - INFO - Epoch(val) [21][18]	accuracy_top-1: 92.4825, accuracy_top-5: 100.0000
2023-02-05 21:45:09,685 - mmcls - INFO - Saving checkpoint at 22 epochs
2023-02-05 21:45:10,849 - mmcls - INFO - Epoch(val) [22][18]	accuracy_top-1: 93.0070, accuracy_top-5: 100.0000
2023-02-05 21:45:16,405 - mmcls - INFO - Saving checkpoint at 23 epochs
2023-02-05 21:45:17,443 - mmcls - INFO - Epoch(val) [23][18]	accuracy_top-1: 93.0070, accuracy_top-5: 100.0000
2023-02-05 21:45:23,079 - mmcls - INFO - Saving checkpoint at 24 epochs
2023-02-05 21:45:24,122 - mmcls - INFO - Epoch(val) [24][18]	accuracy_top-1: 92.6573, accuracy_top-5: 100.0000
2023-02-05 21:45:29,869 - mmcls - INFO - Saving checkpoint at 25 epochs
2023-02-05 21:45:30,963 - mmcls - INFO - Epoch(val) [25][18]	accuracy_top-1: 93.1818, accuracy_top-5: 100.0000
2023-02-05 21:45:36,522 - mmcls - INFO - Saving checkpoint at 26 epochs
2023-02-05 21:45:37,630 - mmcls - INFO - Epoch(val) [26][18]	accuracy_top-1: 92.8322, accuracy_top-5: 100.0000
2023-02-05 21:45:43,191 - mmcls - INFO - Saving checkpoint at 27 epochs
2023-02-05 21:45:44,303 - mmcls - INFO - Epoch(val) [27][18]	accuracy_top-1: 93.0070, accuracy_top-5: 100.0000
2023-02-05 21:45:49,914 - mmcls - INFO - Saving checkpoint at 28 epochs
2023-02-05 21:45:50,991 - mmcls - INFO - Epoch(val) [28][18]	accuracy_top-1: 93.0070, accuracy_top-5: 100.0000
2023-02-05 21:45:56,627 - mmcls - INFO - Saving checkpoint at 29 epochs
2023-02-05 21:45:57,672 - mmcls - INFO - Epoch(val) [29][18]	accuracy_top-1: 92.8322, accuracy_top-5: 100.0000
2023-02-05 21:46:03,319 - mmcls - INFO - Saving checkpoint at 30 epochs
2023-02-05 21:46:04,376 - mmcls - INFO - Epoch(val) [30][18]	accuracy_top-1: 93.1818, accuracy_top-5: 100.0000
2023-02-05 21:46:10,032 - mmcls - INFO - Saving checkpoint at 31 epochs
2023-02-05 21:46:11,089 - mmcls - INFO - Epoch(val) [31][18]	accuracy_top-1: 92.6573, accuracy_top-5: 100.0000
2023-02-05 21:46:16,644 - mmcls - INFO - Saving checkpoint at 32 epochs
2023-02-05 21:46:17,677 - mmcls - INFO - Epoch(val) [32][18]	accuracy_top-1: 93.1818, accuracy_top-5: 100.0000
2023-02-05 21:46:23,202 - mmcls - INFO - Saving checkpoint at 33 epochs
2023-02-05 21:46:24,270 - mmcls - INFO - Epoch(val) [33][18]	accuracy_top-1: 93.0070, accuracy_top-5: 100.0000
2023-02-05 21:46:29,992 - mmcls - INFO - Saving checkpoint at 34 epochs
2023-02-05 21:46:31,127 - mmcls - INFO - Epoch(val) [34][18]	accuracy_top-1: 93.3566, accuracy_top-5: 100.0000
2023-02-05 21:46:36,745 - mmcls - INFO - Saving checkpoint at 35 epochs
2023-02-05 21:46:37,828 - mmcls - INFO - Epoch(val) [35][18]	accuracy_top-1: 93.1818, accuracy_top-5: 100.0000
2023-02-05 21:46:43,457 - mmcls - INFO - Saving checkpoint at 36 epochs
2023-02-05 21:46:44,504 - mmcls - INFO - Epoch(val) [36][18]	accuracy_top-1: 93.0070, accuracy_top-5: 100.0000
2023-02-05 21:46:50,115 - mmcls - INFO - Saving checkpoint at 37 epochs
2023-02-05 21:46:51,160 - mmcls - INFO - Epoch(val) [37][18]	accuracy_top-1: 93.0070, accuracy_top-5: 100.0000
2023-02-05 21:46:56,836 - mmcls - INFO - Saving checkpoint at 38 epochs
2023-02-05 21:46:57,885 - mmcls - INFO - Epoch(val) [38][18]	accuracy_top-1: 93.7063, accuracy_top-5: 100.0000
2023-02-05 21:47:03,607 - mmcls - INFO - Saving checkpoint at 39 epochs
2023-02-05 21:47:04,632 - mmcls - INFO - Epoch(val) [39][18]	accuracy_top-1: 93.3566, accuracy_top-5: 100.0000
2023-02-05 21:47:10,247 - mmcls - INFO - Saving checkpoint at 40 epochs
2023-02-05 21:47:11,379 - mmcls - INFO - Epoch(val) [40][18]	accuracy_top-1: 93.5315, accuracy_top-5: 100.0000
2023-02-05 21:47:17,024 - mmcls - INFO - Saving checkpoint at 41 epochs
2023-02-05 21:47:18,109 - mmcls - INFO - Epoch(val) [41][18]	accuracy_top-1: 93.0070, accuracy_top-5: 100.0000
2023-02-05 21:47:23,753 - mmcls - INFO - Saving checkpoint at 42 epochs
2023-02-05 21:47:24,809 - mmcls - INFO - Epoch(val) [42][18]	accuracy_top-1: 93.7063, accuracy_top-5: 100.0000
2023-02-05 21:47:30,381 - mmcls - INFO - Saving checkpoint at 43 epochs
2023-02-05 21:47:31,421 - mmcls - INFO - Epoch(val) [43][18]	accuracy_top-1: 93.0070, accuracy_top-5: 100.0000
2023-02-05 21:47:37,038 - mmcls - INFO - Saving checkpoint at 44 epochs
2023-02-05 21:47:38,104 - mmcls - INFO - Epoch(val) [44][18]	accuracy_top-1: 93.1818, accuracy_top-5: 100.0000
2023-02-05 21:47:43,798 - mmcls - INFO - Saving checkpoint at 45 epochs
2023-02-05 21:47:44,872 - mmcls - INFO - Epoch(val) [45][18]	accuracy_top-1: 93.5315, accuracy_top-5: 100.0000
2023-02-05 21:47:50,530 - mmcls - INFO - Saving checkpoint at 46 epochs
2023-02-05 21:47:51,665 - mmcls - INFO - Epoch(val) [46][18]	accuracy_top-1: 93.5315, accuracy_top-5: 100.0000
2023-02-05 21:47:57,392 - mmcls - INFO - Saving checkpoint at 47 epochs
2023-02-05 21:47:58,486 - mmcls - INFO - Epoch(val) [47][18]	accuracy_top-1: 93.1818, accuracy_top-5: 100.0000
2023-02-05 21:48:04,114 - mmcls - INFO - Saving checkpoint at 48 epochs
2023-02-05 21:48:05,161 - mmcls - INFO - Epoch(val) [48][18]	accuracy_top-1: 93.1818, accuracy_top-5: 100.0000
2023-02-05 21:48:10,761 - mmcls - INFO - Saving checkpoint at 49 epochs
2023-02-05 21:48:11,819 - mmcls - INFO - Epoch(val) [49][18]	accuracy_top-1: 93.7063, accuracy_top-5: 100.0000
2023-02-05 21:48:17,426 - mmcls - INFO - Saving checkpoint at 50 epochs
2023-02-05 21:48:18,506 - mmcls - INFO - Epoch(val) [50][18]	accuracy_top-1: 93.3566, accuracy_top-5: 100.0000
2023-02-05 21:48:24,144 - mmcls - INFO - Saving checkpoint at 51 epochs
2023-02-05 21:48:25,254 - mmcls - INFO - Epoch(val) [51][18]	accuracy_top-1: 93.5315, accuracy_top-5: 100.0000
2023-02-05 21:48:31,013 - mmcls - INFO - Saving checkpoint at 52 epochs
2023-02-05 21:48:32,113 - mmcls - INFO - Epoch(val) [52][18]	accuracy_top-1: 93.7063, accuracy_top-5: 100.0000
2023-02-05 21:48:37,731 - mmcls - INFO - Saving checkpoint at 53 epochs
2023-02-05 21:48:38,792 - mmcls - INFO - Epoch(val) [53][18]	accuracy_top-1: 93.7063, accuracy_top-5: 100.0000
2023-02-05 21:48:44,430 - mmcls - INFO - Saving checkpoint at 54 epochs
2023-02-05 21:48:45,481 - mmcls - INFO - Epoch(val) [54][18]	accuracy_top-1: 93.3566, accuracy_top-5: 100.0000
2023-02-05 21:48:51,041 - mmcls - INFO - Saving checkpoint at 55 epochs
2023-02-05 21:48:52,112 - mmcls - INFO - Epoch(val) [55][18]	accuracy_top-1: 93.1818, accuracy_top-5: 100.0000
2023-02-05 21:48:57,715 - mmcls - INFO - Saving checkpoint at 56 epochs
2023-02-05 21:48:58,772 - mmcls - INFO - Epoch(val) [56][18]	accuracy_top-1: 92.8322, accuracy_top-5: 100.0000
2023-02-05 21:49:04,370 - mmcls - INFO - Saving checkpoint at 57 epochs
2023-02-05 21:49:05,457 - mmcls - INFO - Epoch(val) [57][18]	accuracy_top-1: 93.8811, accuracy_top-5: 100.0000
2023-02-05 21:49:11,071 - mmcls - INFO - Saving checkpoint at 58 epochs
2023-02-05 21:49:12,134 - mmcls - INFO - Epoch(val) [58][18]	accuracy_top-1: 93.3566, accuracy_top-5: 100.0000
2023-02-05 21:49:18,009 - mmcls - INFO - Saving checkpoint at 59 epochs
2023-02-05 21:49:19,139 - mmcls - INFO - Epoch(val) [59][18]	accuracy_top-1: 93.8811, accuracy_top-5: 100.0000
2023-02-05 21:49:24,735 - mmcls - INFO - Saving checkpoint at 60 epochs
2023-02-05 21:49:25,820 - mmcls - INFO - Epoch(val) [60][18]	accuracy_top-1: 93.1818, accuracy_top-5: 100.0000
2023-02-05 21:49:31,371 - mmcls - INFO - Saving checkpoint at 61 epochs
2023-02-05 21:49:32,433 - mmcls - INFO - Epoch(val) [61][18]	accuracy_top-1: 94.0559, accuracy_top-5: 100.0000
2023-02-05 21:49:37,949 - mmcls - INFO - Saving checkpoint at 62 epochs
2023-02-05 21:49:38,995 - mmcls - INFO - Epoch(val) [62][18]	accuracy_top-1: 93.7063, accuracy_top-5: 100.0000
2023-02-05 21:49:44,524 - mmcls - INFO - Saving checkpoint at 63 epochs
2023-02-05 21:49:45,688 - mmcls - INFO - Epoch(val) [63][18]	accuracy_top-1: 94.0559, accuracy_top-5: 100.0000
2023-02-05 21:49:51,485 - mmcls - INFO - Saving checkpoint at 64 epochs
2023-02-05 21:49:52,559 - mmcls - INFO - Epoch(val) [64][18]	accuracy_top-1: 93.5315, accuracy_top-5: 100.0000
2023-02-05 21:49:58,274 - mmcls - INFO - Saving checkpoint at 65 epochs
2023-02-05 21:49:59,446 - mmcls - INFO - Epoch(val) [65][18]	accuracy_top-1: 94.0559, accuracy_top-5: 100.0000
2023-02-05 21:50:05,025 - mmcls - INFO - Saving checkpoint at 66 epochs
2023-02-05 21:50:06,080 - mmcls - INFO - Epoch(val) [66][18]	accuracy_top-1: 94.2308, accuracy_top-5: 100.0000
2023-02-05 21:50:11,691 - mmcls - INFO - Saving checkpoint at 67 epochs
2023-02-05 21:50:12,725 - mmcls - INFO - Epoch(val) [67][18]	accuracy_top-1: 94.0559, accuracy_top-5: 100.0000
2023-02-05 21:50:18,348 - mmcls - INFO - Saving checkpoint at 68 epochs
2023-02-05 21:50:19,391 - mmcls - INFO - Epoch(val) [68][18]	accuracy_top-1: 93.7063, accuracy_top-5: 100.0000
2023-02-05 21:50:25,026 - mmcls - INFO - Saving checkpoint at 69 epochs
2023-02-05 21:50:26,067 - mmcls - INFO - Epoch(val) [69][18]	accuracy_top-1: 94.0559, accuracy_top-5: 100.0000
2023-02-05 21:50:31,650 - mmcls - INFO - Saving checkpoint at 70 epochs
2023-02-05 21:50:32,782 - mmcls - INFO - Epoch(val) [70][18]	accuracy_top-1: 94.0559, accuracy_top-5: 100.0000
2023-02-05 21:50:38,583 - mmcls - INFO - Saving checkpoint at 71 epochs
2023-02-05 21:50:39,687 - mmcls - INFO - Epoch(val) [71][18]	accuracy_top-1: 93.7063, accuracy_top-5: 100.0000
2023-02-05 21:50:45,394 - mmcls - INFO - Saving checkpoint at 72 epochs
2023-02-05 21:50:46,470 - mmcls - INFO - Epoch(val) [72][18]	accuracy_top-1: 94.4056, accuracy_top-5: 100.0000
2023-02-05 21:50:52,027 - mmcls - INFO - Saving checkpoint at 73 epochs
2023-02-05 21:50:53,117 - mmcls - INFO - Epoch(val) [73][18]	accuracy_top-1: 94.0559, accuracy_top-5: 100.0000
2023-02-05 21:50:58,692 - mmcls - INFO - Saving checkpoint at 74 epochs
2023-02-05 21:50:59,740 - mmcls - INFO - Epoch(val) [74][18]	accuracy_top-1: 93.8811, accuracy_top-5: 100.0000
2023-02-05 21:51:05,292 - mmcls - INFO - Saving checkpoint at 75 epochs
2023-02-05 21:51:06,428 - mmcls - INFO - Epoch(val) [75][18]	accuracy_top-1: 94.4056, accuracy_top-5: 100.0000
2023-02-05 21:51:12,176 - mmcls - INFO - Saving checkpoint at 76 epochs
2023-02-05 21:51:13,269 - mmcls - INFO - Epoch(val) [76][18]	accuracy_top-1: 93.7063, accuracy_top-5: 100.0000
2023-02-05 21:51:18,903 - mmcls - INFO - Saving checkpoint at 77 epochs
2023-02-05 21:51:19,976 - mmcls - INFO - Epoch(val) [77][18]	accuracy_top-1: 94.5804, accuracy_top-5: 100.0000
2023-02-05 21:51:25,638 - mmcls - INFO - Saving checkpoint at 78 epochs
2023-02-05 21:51:26,713 - mmcls - INFO - Epoch(val) [78][18]	accuracy_top-1: 94.0559, accuracy_top-5: 100.0000
2023-02-05 21:51:32,276 - mmcls - INFO - Saving checkpoint at 79 epochs
2023-02-05 21:51:33,301 - mmcls - INFO - Epoch(val) [79][18]	accuracy_top-1: 94.0559, accuracy_top-5: 100.0000
2023-02-05 21:51:38,900 - mmcls - INFO - Saving checkpoint at 80 epochs
2023-02-05 21:51:39,958 - mmcls - INFO - Epoch(val) [80][18]	accuracy_top-1: 94.2308, accuracy_top-5: 100.0000
2023-02-05 21:51:45,496 - mmcls - INFO - Saving checkpoint at 81 epochs
2023-02-05 21:51:46,550 - mmcls - INFO - Epoch(val) [81][18]	accuracy_top-1: 94.2308, accuracy_top-5: 100.0000
2023-02-05 21:51:52,251 - mmcls - INFO - Saving checkpoint at 82 epochs
2023-02-05 21:51:53,368 - mmcls - INFO - Epoch(val) [82][18]	accuracy_top-1: 94.4056, accuracy_top-5: 100.0000
2023-02-05 21:51:58,922 - mmcls - INFO - Saving checkpoint at 83 epochs
2023-02-05 21:51:59,982 - mmcls - INFO - Epoch(val) [83][18]	accuracy_top-1: 94.0559, accuracy_top-5: 100.0000
2023-02-05 21:52:05,696 - mmcls - INFO - Saving checkpoint at 84 epochs
2023-02-05 21:52:06,807 - mmcls - INFO - Epoch(val) [84][18]	accuracy_top-1: 93.8811, accuracy_top-5: 100.0000
2023-02-05 21:52:12,502 - mmcls - INFO - Saving checkpoint at 85 epochs
2023-02-05 21:52:13,588 - mmcls - INFO - Epoch(val) [85][18]	accuracy_top-1: 94.0559, accuracy_top-5: 100.0000
2023-02-05 21:52:19,132 - mmcls - INFO - Saving checkpoint at 86 epochs
2023-02-05 21:52:20,173 - mmcls - INFO - Epoch(val) [86][18]	accuracy_top-1: 94.9301, accuracy_top-5: 100.0000
2023-02-05 21:52:25,831 - mmcls - INFO - Saving checkpoint at 87 epochs
2023-02-05 21:52:26,942 - mmcls - INFO - Epoch(val) [87][18]	accuracy_top-1: 94.2308, accuracy_top-5: 100.0000
2023-02-05 21:52:32,535 - mmcls - INFO - Saving checkpoint at 88 epochs
2023-02-05 21:52:33,621 - mmcls - INFO - Epoch(val) [88][18]	accuracy_top-1: 94.5804, accuracy_top-5: 100.0000
2023-02-05 21:52:39,322 - mmcls - INFO - Saving checkpoint at 89 epochs
2023-02-05 21:52:40,384 - mmcls - INFO - Epoch(val) [89][18]	accuracy_top-1: 94.2308, accuracy_top-5: 100.0000
2023-02-05 21:52:46,068 - mmcls - INFO - Saving checkpoint at 90 epochs
2023-02-05 21:52:47,158 - mmcls - INFO - Epoch(val) [90][18]	accuracy_top-1: 94.4056, accuracy_top-5: 100.0000
2023-02-05 21:52:52,822 - mmcls - INFO - Saving checkpoint at 91 epochs
2023-02-05 21:52:53,894 - mmcls - INFO - Epoch(val) [91][18]	accuracy_top-1: 94.7552, accuracy_top-5: 100.0000
2023-02-05 21:52:59,439 - mmcls - INFO - Saving checkpoint at 92 epochs
2023-02-05 21:53:00,528 - mmcls - INFO - Epoch(val) [92][18]	accuracy_top-1: 93.8811, accuracy_top-5: 100.0000
2023-02-05 21:53:06,267 - mmcls - INFO - Saving checkpoint at 93 epochs
2023-02-05 21:53:07,323 - mmcls - INFO - Epoch(val) [93][18]	accuracy_top-1: 94.5804, accuracy_top-5: 100.0000
2023-02-05 21:53:12,859 - mmcls - INFO - Saving checkpoint at 94 epochs
2023-02-05 21:53:13,881 - mmcls - INFO - Epoch(val) [94][18]	accuracy_top-1: 94.0559, accuracy_top-5: 100.0000
2023-02-05 21:53:19,351 - mmcls - INFO - Saving checkpoint at 95 epochs
2023-02-05 21:53:20,365 - mmcls - INFO - Epoch(val) [95][18]	accuracy_top-1: 94.9301, accuracy_top-5: 100.0000
2023-02-05 21:53:25,840 - mmcls - INFO - Saving checkpoint at 96 epochs
2023-02-05 21:53:26,864 - mmcls - INFO - Epoch(val) [96][18]	accuracy_top-1: 94.4056, accuracy_top-5: 100.0000
2023-02-05 21:53:32,366 - mmcls - INFO - Saving checkpoint at 97 epochs
2023-02-05 21:53:33,388 - mmcls - INFO - Epoch(val) [97][18]	accuracy_top-1: 94.9301, accuracy_top-5: 100.0000
2023-02-05 21:53:38,898 - mmcls - INFO - Saving checkpoint at 98 epochs
2023-02-05 21:53:39,950 - mmcls - INFO - Epoch(val) [98][18]	accuracy_top-1: 94.2308, accuracy_top-5: 100.0000
2023-02-05 21:53:45,461 - mmcls - INFO - Saving checkpoint at 99 epochs
2023-02-05 21:53:46,543 - mmcls - INFO - Epoch(val) [99][18]	accuracy_top-1: 94.5804, accuracy_top-5: 100.0000
2023-02-05 21:53:52,004 - mmcls - INFO - Saving checkpoint at 100 epochs
2023-02-05 21:53:53,040 - mmcls - INFO - Epoch(val) [100][18]	accuracy_top-1: 93.7063, accuracy_top-5: 100.0000
